<?xml version="1.0" encoding="UTF-8"?>
<!-- Generated by org.testng.reporters.JUnitReportReporter -->
<testsuite skipped="1" hostname="DESKTOP-HAHT87R" name="com.qtpselenium.facebook.tests.LoginTest" tests="2" failures="0" timestamp="07 Mar 2018 21:03:36 GMT" time="51.992" errors="0">
  <testcase name="loginTest" time="0.289" classname="com.qtpselenium.facebook.tests.LoginTest">
    <skipped/>
  </testcase> <!-- loginTest -->
  <testcase name="loginTest" time="51.703" classname="com.qtpselenium.facebook.tests.LoginTest"/>
</testsuite> <!-- com.qtpselenium.facebook.tests.LoginTest -->
