<?xml version="1.0" encoding="UTF-8"?>
<!-- Generated by org.testng.reporters.JUnitReportReporter -->
<testsuite skipped="0" hostname="DESKTOP-HAHT87R" name="com.qtpselenium.facebook.tests.ProfileTest" tests="1" failures="0" timestamp="07 Mar 2018 20:50:09 GMT" time="69.438" errors="0">
  <testcase name="profiletest" time="69.438" classname="com.qtpselenium.facebook.tests.ProfileTest"/>
</testsuite> <!-- com.qtpselenium.facebook.tests.ProfileTest -->
